* This is the StructMobWeight report file that is output every time the server starts.
* 
* Spawn Balance Utility (SBU) will use this file ONLY if it is renamed to StructMobWeight.csv.
* Lines starting with '*' are comments and ignored
* It allows you to add and remove mobs and adjust their spawnweights for Structures
* like shipwrecks, nether fortresses, water monuments, etc.
* 
1, dungeons_arise:abandoned_temple, HEADING, header:ignore, 0, 0, 0
2, dungeons_arise:abandoned_temple, MONSTER, minecraft:stray, 1, 1, 1
3, irons_spellbooks:ancient_battleground, HEADING, header:ignore, 0, 0, 0
4, minecraft:ancient_city, HEADING, header:ignore, 0, 0, 0
5, ancient_aether:ancient_dungeon, HEADING, header:ignore, 0, 0, 0
6, cataclysm:ancient_factory, HEADING, header:ignore, 0, 0, 0
7, dungeons_arise:aviary, HEADING, header:ignore, 0, 0, 0
8, dungeons_arise:aviary, MONSTER, minecraft:phantom, 60, 2, 3
9, prodigium_dungeons:awful_dungeon, HEADING, header:ignore, 0, 0, 0
10, dungeons_arise:bandit_towers, HEADING, header:ignore, 0, 0, 0
11, dungeons_arise:bandit_village, HEADING, header:ignore, 0, 0, 0
12, minecraft:bastion_remnant, HEADING, header:ignore, 0, 0, 0
13, dungeons_arise:bathhouse, HEADING, header:ignore, 0, 0, 0
14, tameablebeasts:beetle_nest, HEADING, header:ignore, 0, 0, 0
15, tameablebeasts:beetle_nest, CREATURE, tameablebeasts:tameable_beetle, 1, 1, 2
16, tameablebeasts:beetle_nest, CREATURE, tameablebeasts:ground_beetle, 1, 1, 2
17, valhelsia_structures:big_tree, HEADING, header:ignore, 0, 0, 0
18, prodigium_dungeons:blossom_arena, HEADING, header:ignore, 0, 0, 0
19, deep_aether:brass_dungeon, HEADING, header:ignore, 0, 0, 0
20, aether:bronze_dungeon, HEADING, header:ignore, 0, 0, 0
21, minecraft:buried_treasure, HEADING, header:ignore, 0, 0, 0
22, cataclysm:burning_arena, HEADING, header:ignore, 0, 0, 0
23, terrariastructures:cabin_large, HEADING, header:ignore, 0, 0, 0
24, terrariastructures:cabin_medium, HEADING, header:ignore, 0, 0, 0
25, terrariastructures:cabin_small, HEADING, header:ignore, 0, 0, 0
26, valhelsia_structures:castle, HEADING, header:ignore, 0, 0, 0
27, valhelsia_structures:castle_ruin, HEADING, header:ignore, 0, 0, 0
28, bygonenether:catacomb, HEADING, header:ignore, 0, 0, 0
29, bygonenether:catacomb, MONSTER, minecraft:magma_cube, 1, 1, 1
30, irons_spellbooks:catacombs, HEADING, header:ignore, 0, 0, 0
31, irons_spellbooks:catacombs, MONSTER, irons_spellbooks:catacombs_zombie, 10, 1, 1
32, irons_spellbooks:catacombs, MONSTER, minecraft:skeleton, 5, 1, 1
33, irons_spellbooks:catacombs, MONSTER, irons_spellbooks:necromancer, 2, 1, 1
34, dungeons_arise:ceryneian_hind, HEADING, header:ignore, 0, 0, 0
35, bygonenether:citadel, HEADING, header:ignore, 0, 0, 0
36, bygonenether:citadel, MONSTER, bygonenether:warped_enderman, 1, 1, 1
37, bygonenether:citadel, MONSTER, minecraft:enderman, 1, 1, 1
38, friendsandfoes:citadel, HEADING, header:ignore, 0, 0, 0
39, friendsandfoes:citadel, MONSTER, minecraft:blaze, 1, 1, 2
40, prodigium_dungeons:cloudy_obelisk_v1_d1, HEADING, header:ignore, 0, 0, 0
41, prodigium_dungeons:cloudy_obelisk_v1_d2, HEADING, header:ignore, 0, 0, 0
42, prodigium_dungeons:cloudy_obelisk_v1_d3, HEADING, header:ignore, 0, 0, 0
43, prodigium_dungeons:cloudy_obelisk_v1_d4, HEADING, header:ignore, 0, 0, 0
44, prodigium_dungeons:cloudy_obelisk_v2_d1, HEADING, header:ignore, 0, 0, 0
45, prodigium_dungeons:cloudy_obelisk_v2_d2, HEADING, header:ignore, 0, 0, 0
46, prodigium_dungeons:cloudy_obelisk_v2_d3, HEADING, header:ignore, 0, 0, 0
47, prodigium_dungeons:cloudy_obelisk_v2_d4, HEADING, header:ignore, 0, 0, 0
48, born_in_chaos_v1:clown_caravan_plains, HEADING, header:ignore, 0, 0, 0
49, born_in_chaos_v1:clown_caravan_savanna, HEADING, header:ignore, 0, 0, 0
50, born_in_chaos_v1:clown_caravan_taiga, HEADING, header:ignore, 0, 0, 0
51, dungeons_arise:coliseum, HEADING, header:ignore, 0, 0, 0
52, cataclysm:cursed_pyramid, HEADING, header:ignore, 0, 0, 0
53, born_in_chaos_v1:dark_tower_forest, HEADING, header:ignore, 0, 0, 0
54, born_in_chaos_v1:dark_tower_plain, HEADING, header:ignore, 0, 0, 0
55, born_in_chaos_v1:dark_tower_taiga, HEADING, header:ignore, 0, 0, 0
56, valhelsia_structures:deep_spawner_room, HEADING, header:ignore, 0, 0, 0
57, terrariastructures:desert_cabin_large, HEADING, header:ignore, 0, 0, 0
58, terrariastructures:desert_cabin_medium, HEADING, header:ignore, 0, 0, 0
59, terrariastructures:desert_cabin_small, HEADING, header:ignore, 0, 0, 0
60, valhelsia_structures:desert_house, HEADING, header:ignore, 0, 0, 0
61, terralith:desert_outpost, HEADING, header:ignore, 0, 0, 0
62, terralith:desert_outpost, MONSTER, minecraft:pillager, 1, 1, 1
63, minecraft:desert_pyramid, HEADING, header:ignore, 0, 0, 0
64, betterdeserttemples:desert_temple, HEADING, header:ignore, 0, 0, 0
65, betterdeserttemples:desert_temple, MONSTER, minecraft:husk, 100, 10, 32
66, betterdeserttemples:desert_temple, CREATURE, minecraft:cat, 100, 4, 4
67, betterdeserttemples:desert_temple, CREATURE, minecraft:rabbit, 100, 4, 4
68, minecraft:end_city, HEADING, header:ignore, 0, 0, 0
69, minecraft:end_city, MONSTER, alexsmobs:mimicube, 40, 1, 3
70, dungeons_plus:end_ruins, HEADING, header:ignore, 0, 0, 0
71, irons_spellbooks:evoker_fort, HEADING, header:ignore, 0, 0, 0
72, irons_spellbooks:evoker_fort, MONSTER, minecraft:pillager, 10, 2, 3
73, irons_spellbooks:evoker_fort, MONSTER, minecraft:vindicator, 5, 4, 4
74, born_in_chaos_v1:farm, HEADING, header:ignore, 0, 0, 0
75, born_in_chaos_v1:firewell, HEADING, header:ignore, 0, 0, 0
76, dungeons_arise:fishing_hut, HEADING, header:ignore, 0, 0, 0
77, valhelsia_structures:forge, HEADING, header:ignore, 0, 0, 0
78, terralith:fortified_desert_village, HEADING, header:ignore, 0, 0, 0
79, terralith:fortified_village, HEADING, header:ignore, 0, 0, 0
80, minecraft:fortress, HEADING, header:ignore, 0, 0, 0
81, minecraft:fortress, MONSTER, minecraft:blaze, 10, 2, 3
82, minecraft:fortress, MONSTER, minecraft:zombified_piglin, 5, 4, 4
83, minecraft:fortress, MONSTER, minecraft:wither_skeleton, 8, 5, 5
84, minecraft:fortress, MONSTER, minecraft:skeleton, 2, 5, 5
85, minecraft:fortress, MONSTER, minecraft:magma_cube, 3, 4, 4
86, minecraft:fortress, MONSTER, cataclysm:ignited_berserker, 1, 1, 1
87, dungeons_arise:foundry, HEADING, header:ignore, 0, 0, 0
88, cataclysm:frosted_prison, HEADING, header:ignore, 0, 0, 0
89, prodigium_dungeons:frostmaw_cavern, HEADING, header:ignore, 0, 0, 0
90, mowziesmobs:frostmaw_spawn, HEADING, header:ignore, 0, 0, 0
91, bosses_of_mass_destruction:gauntlet_arena, HEADING, header:ignore, 0, 0, 0
92, tameablebeasts:gecko_nest, HEADING, header:ignore, 0, 0, 0
93, tameablebeasts:gecko_nest, CREATURE, tameablebeasts:crested_gecko, 1, 1, 2
94, dungeons_arise:giant_mushroom, HEADING, header:ignore, 0, 0, 0
95, terralith:glacial_hut, HEADING, header:ignore, 0, 0, 0
96, prodigium_dungeons:glider_tower, HEADING, header:ignore, 0, 0, 0
97, prodigium_dungeons:glider_tower_crystal, HEADING, header:ignore, 0, 0, 0
98, aether:gold_dungeon, HEADING, header:ignore, 0, 0, 0
99, born_in_chaos_v1:grave_2003wise, HEADING, header:ignore, 0, 0, 0
100, born_in_chaos_v1:grave_darktitan, HEADING, header:ignore, 0, 0, 0
101, born_in_chaos_v1:grave_derivas, HEADING, header:ignore, 0, 0, 0
102, born_in_chaos_v1:grave_fubuki_banzai, HEADING, header:ignore, 0, 0, 0
103, born_in_chaos_v1:grave_orion, HEADING, header:ignore, 0, 0, 0
104, born_in_chaos_v1:grave_petasi, HEADING, header:ignore, 0, 0, 0
105, dungeons_arise:greenwood_pub, HEADING, header:ignore, 0, 0, 0
106, dungeons_arise:heavenly_challenger, HEADING, header:ignore, 0, 0, 0
107, dungeons_arise:heavenly_conqueror, HEADING, header:ignore, 0, 0, 0
108, dungeons_arise:heavenly_rider, HEADING, header:ignore, 0, 0, 0
109, ancient_aether:holystone_ruin, HEADING, header:ignore, 0, 0, 0
110, prodigium_dungeons:house, HEADING, header:ignore, 0, 0, 0
111, terrariastructures:ice_cabin_large, HEADING, header:ignore, 0, 0, 0
112, terrariastructures:ice_cabin_medium, HEADING, header:ignore, 0, 0, 0
113, terrariastructures:ice_cabin_small, HEADING, header:ignore, 0, 0, 0
114, friendsandfoes:iceologer_cabin, HEADING, header:ignore, 0, 0, 0
115, friendsandfoes:iceologer_cabin, MONSTER, friendsandfoes:iceologer, 1, 1, 1
116, prodigium_dungeons:icy_temple, HEADING, header:ignore, 0, 0, 0
117, minecraft:igloo, HEADING, header:ignore, 0, 0, 0
118, terralith:igloo, HEADING, header:ignore, 0, 0, 0
119, dungeons_arise:illager_campsite, HEADING, header:ignore, 0, 0, 0
120, dungeons_arise:illager_corsair, HEADING, header:ignore, 0, 0, 0
121, dungeons_arise:illager_fort, HEADING, header:ignore, 0, 0, 0
122, dungeons_arise:illager_galley, HEADING, header:ignore, 0, 0, 0
123, dungeons_arise:illager_windmill, HEADING, header:ignore, 0, 0, 0
124, friendsandfoes:illusioner_shack, HEADING, header:ignore, 0, 0, 0
125, friendsandfoes:illusioner_shack, MONSTER, minecraft:illusioner, 1, 1, 1
126, friendsandfoes:illusioner_training_grounds, HEADING, header:ignore, 0, 0, 0
127, friendsandfoes:illusioner_training_grounds, MONSTER, minecraft:illusioner, 1, 1, 1
128, friendsandfoes:illusioner_training_grounds, MONSTER, minecraft:pillager, 2, 1, 2
129, irons_spellbooks:impaled_icebreaker, HEADING, header:ignore, 0, 0, 0
130, born_in_chaos_v1:infernal_pumpkin, HEADING, header:ignore, 0, 0, 0
131, dungeons_arise:infested_temple, HEADING, header:ignore, 0, 0, 0
132, terrariastructures:jungle_cabin_large, HEADING, header:ignore, 0, 0, 0
133, terrariastructures:jungle_cabin_medium, HEADING, header:ignore, 0, 0, 0
134, terrariastructures:jungle_cabin_small, HEADING, header:ignore, 0, 0, 0
135, minecraft:jungle_pyramid, HEADING, header:ignore, 0, 0, 0
136, dungeons_arise:jungle_tree_house, HEADING, header:ignore, 0, 0, 0
137, dungeons_arise:keep_kayra, HEADING, header:ignore, 0, 0, 0
138, prodigium_dungeons:keeping_castle, HEADING, header:ignore, 0, 0, 0
139, aether:large_aercloud, HEADING, header:ignore, 0, 0, 0
140, dungeons_plus:leviathan, HEADING, header:ignore, 0, 0, 0
141, dungeons_plus:leviathan, MONSTER, minecraft:husk, 1, 1, 4
142, bosses_of_mass_destruction:lich_tower, HEADING, header:ignore, 0, 0, 0
143, dungeons_arise:lighthouse, HEADING, header:ignore, 0, 0, 0
144, terrariastructures:living_tree, HEADING, header:ignore, 0, 0, 0
145, terralith:mage_complex, HEADING, header:ignore, 0, 0, 0
146, terralith:mage_tower, HEADING, header:ignore, 0, 0, 0
147, terralith:mage_tower_autumn, HEADING, header:ignore, 0, 0, 0
148, terralith:mage_tower_spring, HEADING, header:ignore, 0, 0, 0
149, terralith:mage_tower_summer, HEADING, header:ignore, 0, 0, 0
150, terralith:mage_tower_winter, HEADING, header:ignore, 0, 0, 0
151, irons_spellbooks:mangrove_hut, HEADING, header:ignore, 0, 0, 0
152, minecraft:mansion, HEADING, header:ignore, 0, 0, 0
153, dungeons_arise:mechanical_nest, HEADING, header:ignore, 0, 0, 0
154, dungeons_arise:merchant_campsite, HEADING, header:ignore, 0, 0, 0
155, minecraft:mineshaft, HEADING, header:ignore, 0, 0, 0
156, minecraft:mineshaft, AMBIENT, alexsmobs:underminer, 50, 1, 1
157, bettermineshafts:mineshaft_acacia, HEADING, header:ignore, 0, 0, 0
158, bettermineshafts:mineshaft_acacia, AMBIENT, alexsmobs:underminer, 50, 1, 1
159, bettermineshafts:mineshaft_desert, HEADING, header:ignore, 0, 0, 0
160, bettermineshafts:mineshaft_desert, AMBIENT, alexsmobs:underminer, 50, 1, 1
161, bettermineshafts:mineshaft_dripstone, HEADING, header:ignore, 0, 0, 0
162, bettermineshafts:mineshaft_dripstone, AMBIENT, alexsmobs:underminer, 50, 1, 1
163, bettermineshafts:mineshaft_ice, HEADING, header:ignore, 0, 0, 0
164, bettermineshafts:mineshaft_ice, AMBIENT, alexsmobs:underminer, 50, 1, 1
165, bettermineshafts:mineshaft_jungle, HEADING, header:ignore, 0, 0, 0
166, bettermineshafts:mineshaft_jungle, AMBIENT, alexsmobs:underminer, 50, 1, 1
167, bettermineshafts:mineshaft_lush, HEADING, header:ignore, 0, 0, 0
168, bettermineshafts:mineshaft_lush, AMBIENT, alexsmobs:underminer, 50, 1, 1
169, bettermineshafts:mineshaft_mesa, HEADING, header:ignore, 0, 0, 0
170, bettermineshafts:mineshaft_mesa, AMBIENT, alexsmobs:underminer, 50, 1, 1
171, minecraft:mineshaft_mesa, HEADING, header:ignore, 0, 0, 0
172, minecraft:mineshaft_mesa, AMBIENT, alexsmobs:underminer, 50, 1, 1
173, bettermineshafts:mineshaft_mushroom, HEADING, header:ignore, 0, 0, 0
174, bettermineshafts:mineshaft_mushroom, AMBIENT, alexsmobs:underminer, 50, 1, 1
175, bettermineshafts:mineshaft_oak, HEADING, header:ignore, 0, 0, 0
176, bettermineshafts:mineshaft_oak, AMBIENT, alexsmobs:underminer, 50, 1, 1
177, bettermineshafts:mineshaft_overgrown, HEADING, header:ignore, 0, 0, 0
178, bettermineshafts:mineshaft_overgrown, AMBIENT, alexsmobs:underminer, 50, 1, 1
179, bettermineshafts:mineshaft_red_desert, HEADING, header:ignore, 0, 0, 0
180, bettermineshafts:mineshaft_red_desert, AMBIENT, alexsmobs:underminer, 50, 1, 1
181, bettermineshafts:mineshaft_spruce, HEADING, header:ignore, 0, 0, 0
182, bettermineshafts:mineshaft_spruce, AMBIENT, alexsmobs:underminer, 50, 1, 1
183, bettermineshafts:mineshaft_spruce_snowy, HEADING, header:ignore, 0, 0, 0
184, bettermineshafts:mineshaft_spruce_snowy, AMBIENT, alexsmobs:underminer, 50, 1, 1
185, dungeons_arise:mining_system, HEADING, header:ignore, 0, 0, 0
186, dungeons_arise:monastery, HEADING, header:ignore, 0, 0, 0
187, mowziesmobs:monastery, HEADING, header:ignore, 0, 0, 0
188, mowziesmobs:monastery, MONSTER, mowziesmobs:bluff, 100, 1, 2
189, minecraft:monument, HEADING, header:ignore, 0, 0, 0
190, minecraft:monument, MONSTER, minecraft:guardian, 1, 2, 4
191, born_in_chaos_v1:mound_of_hounds, HEADING, header:ignore, 0, 0, 0
192, irons_spellbooks:mountain_tower, HEADING, header:ignore, 0, 0, 0
193, dungeons_arise:mushroom_house, HEADING, header:ignore, 0, 0, 0
194, dungeons_arise:mushroom_mines, HEADING, header:ignore, 0, 0, 0
195, dungeons_arise:mushroom_village, HEADING, header:ignore, 0, 0, 0
196, ancient_aether:mysterious_henge, HEADING, header:ignore, 0, 0, 0
197, minecraft:nether_fossil, HEADING, header:ignore, 0, 0, 0
198, minecraft:nether_fossil, MONSTER, alexsmobs:soul_vulture, 30, 1, 1
199, paraglider:nether_horned_statue, HEADING, header:ignore, 0, 0, 0
200, born_in_chaos_v1:observation_tower_forest, HEADING, header:ignore, 0, 0, 0
201, born_in_chaos_v1:observation_tower_plains, HEADING, header:ignore, 0, 0, 0
202, bosses_of_mass_destruction:obsidilith_arena, HEADING, header:ignore, 0, 0, 0
203, betteroceanmonuments:ocean_monument, HEADING, header:ignore, 0, 0, 0
204, betteroceanmonuments:ocean_monument, MONSTER, minecraft:guardian, 1, 2, 4
205, minecraft:ocean_ruin_cold, HEADING, header:ignore, 0, 0, 0
206, minecraft:ocean_ruin_warm, HEADING, header:ignore, 0, 0, 0
207, bygonenether:piglin_manor, HEADING, header:ignore, 0, 0, 0
208, bygonenether:piglin_manor, MONSTER, minecraft:piglin, 2, 1, 1
209, bygonenether:piglin_manor, MONSTER, bygonenether:piglin_hunter, 1, 1, 1
210, minecraft:pillager_outpost, HEADING, header:ignore, 0, 0, 0
211, minecraft:pillager_outpost, MONSTER, minecraft:pillager, 1, 1, 1
212, dungeons_arise:plague_asylum, HEADING, header:ignore, 0, 0, 0
213, lost_aether_content:platinum_dungeon, HEADING, header:ignore, 0, 0, 0
214, valhelsia_structures:player_house, HEADING, header:ignore, 0, 0, 0
215, irons_spellbooks:pyromancer_tower, HEADING, header:ignore, 0, 0, 0
216, dungeons_plus:reanimated_ruins_frozen, HEADING, header:ignore, 0, 0, 0
217, dungeons_plus:reanimated_ruins_mesa, HEADING, header:ignore, 0, 0, 0
218, dungeons_plus:reanimated_ruins_mossy, HEADING, header:ignore, 0, 0, 0
219, tameablebeasts:roly_nest, HEADING, header:ignore, 0, 0, 0
220, tameablebeasts:roly_nest, CREATURE, tameablebeasts:giant_roly_poly, 1, 1, 2
221, terralith:rubble_desert, HEADING, header:ignore, 0, 0, 0
222, terralith:rubble_forest, HEADING, header:ignore, 0, 0, 0
223, terralith:rubble_jungle, HEADING, header:ignore, 0, 0, 0
224, terralith:rubble_mesa, HEADING, header:ignore, 0, 0, 0
225, terralith:rubble_mountain, HEADING, header:ignore, 0, 0, 0
226, terralith:rubble_taiga, HEADING, header:ignore, 0, 0, 0
227, cataclysm:ruined_citadel, HEADING, header:ignore, 0, 0, 0
228, cataclysm:ruined_citadel, MONSTER, cataclysm:endermaptera, 3, 1, 1
229, terrariastructures:ruined_houses, HEADING, header:ignore, 0, 0, 0
230, aether:ruined_portal, HEADING, header:ignore, 0, 0, 0
231, minecraft:ruined_portal, HEADING, header:ignore, 0, 0, 0
232, aether:ruined_portal_aether, HEADING, header:ignore, 0, 0, 0
233, aether:ruined_portal_desert, HEADING, header:ignore, 0, 0, 0
234, minecraft:ruined_portal_desert, HEADING, header:ignore, 0, 0, 0
235, aether:ruined_portal_jungle, HEADING, header:ignore, 0, 0, 0
236, minecraft:ruined_portal_jungle, HEADING, header:ignore, 0, 0, 0
237, aether:ruined_portal_mountain, HEADING, header:ignore, 0, 0, 0
238, minecraft:ruined_portal_mountain, HEADING, header:ignore, 0, 0, 0
239, minecraft:ruined_portal_nether, HEADING, header:ignore, 0, 0, 0
240, minecraft:ruined_portal_ocean, HEADING, header:ignore, 0, 0, 0
241, aether:ruined_portal_swamp, HEADING, header:ignore, 0, 0, 0
242, minecraft:ruined_portal_swamp, HEADING, header:ignore, 0, 0, 0
243, dungeons_arise:scorched_mines, HEADING, header:ignore, 0, 0, 0
244, ancient_aether:sentry_laboratory, HEADING, header:ignore, 0, 0, 0
245, prodigium_dungeons:shelterer_dungeon, HEADING, header:ignore, 0, 0, 0
246, minecraft:shipwreck, HEADING, header:ignore, 0, 0, 0
247, minecraft:shipwreck, MONSTER, alexsmobs:skelewag, 15, 1, 2
248, minecraft:shipwreck_beached, HEADING, header:ignore, 0, 0, 0
249, dungeons_arise:shiraz_palace, HEADING, header:ignore, 0, 0, 0
250, aether:silver_dungeon, HEADING, header:ignore, 0, 0, 0
251, betterdungeons:skeleton_dungeon, HEADING, header:ignore, 0, 0, 0
252, betterdungeons:skeleton_dungeon, MONSTER, minecraft:skeleton, 100, 4, 15
253, dungeons_arise:small_blimp, HEADING, header:ignore, 0, 0, 0
254, betterdungeons:small_dungeon, HEADING, header:ignore, 0, 0, 0
255, betterdungeons:small_nether_dungeon, HEADING, header:ignore, 0, 0, 0
256, dungeons_arise:small_prairie_house, HEADING, header:ignore, 0, 0, 0
257, dungeons_plus:snowy_temple, HEADING, header:ignore, 0, 0, 0
258, dungeons_plus:snowy_temple, MONSTER, minecraft:stray, 1, 1, 4
259, cataclysm:soul_black_smith, HEADING, header:ignore, 0, 0, 0
260, dungeons_plus:soul_prison, HEADING, header:ignore, 0, 0, 0
261, dungeons_plus:soul_prison, MONSTER, minecraft:skeleton, 5, 1, 4
262, dungeons_plus:soul_prison, MONSTER, minecraft:ghast, 1, 1, 2
263, valhelsia_structures:spawner_dungeon, HEADING, header:ignore, 0, 0, 0
264, valhelsia_structures:spawner_room, HEADING, header:ignore, 0, 0, 0
265, betterdungeons:spider_dungeon, HEADING, header:ignore, 0, 0, 0
266, betterdungeons:spider_dungeon, MONSTER, minecraft:spider, 100, 4, 15
267, betterdungeons:spider_dungeon, MONSTER, minecraft:cave_spider, 50, 4, 8
268, terralith:spire, HEADING, header:ignore, 0, 0, 0
269, betterstrongholds:stronghold, HEADING, header:ignore, 0, 0, 0
270, minecraft:stronghold, HEADING, header:ignore, 0, 0, 0
271, ancient_aether:sun_well, HEADING, header:ignore, 0, 0, 0
272, cataclysm:sunken_city, HEADING, header:ignore, 0, 0, 0
273, minecraft:swamp_hut, HEADING, header:ignore, 0, 0, 0
274, minecraft:swamp_hut, MONSTER, minecraft:witch, 1, 1, 1
275, minecraft:swamp_hut, CREATURE, minecraft:cat, 1, 1, 1
276, paraglider:tarrey_town_goddess_statue, HEADING, header:ignore, 0, 0, 0
277, undead_revamp2:terraindrip_1, HEADING, header:ignore, 0, 0, 0
278, undead_revamp2:terraindrip_2, HEADING, header:ignore, 0, 0, 0
279, undead_revamp2:terraindrip_3, HEADING, header:ignore, 0, 0, 0
280, conjurer_illager:theatre, HEADING, header:ignore, 0, 0, 0
281, dungeons_arise:thornborn_towers, HEADING, header:ignore, 0, 0, 0
282, dungeons_plus:tower, HEADING, header:ignore, 0, 0, 0
283, valhelsia_structures:tower_ruin, HEADING, header:ignore, 0, 0, 0
284, minecraft:trail_ruins, HEADING, header:ignore, 0, 0, 0
285, piglinproliferation:traveler_camp, HEADING, header:ignore, 0, 0, 0
286, piglinproliferation:traveler_camp_gathering, HEADING, header:ignore, 0, 0, 0
287, piglinproliferation:traveler_soul_camp, HEADING, header:ignore, 0, 0, 0
288, dungeons_arise:typhon, HEADING, header:ignore, 0, 0, 0
289, mowziesmobs:umvuthana_grove, HEADING, header:ignore, 0, 0, 0
290, dungeons_arise:undead_pirate_ship, HEADING, header:ignore, 0, 0, 0
291, terralith:underground/frosted_dungeon, HEADING, header:ignore, 0, 0, 0
292, terralith:underground/giant_bee_hive, HEADING, header:ignore, 0, 0, 0
293, terralith:underground/mining_outpost, HEADING, header:ignore, 0, 0, 0
294, terralith:underground/oak_cabin, HEADING, header:ignore, 0, 0, 0
295, terralith:underground/old_refinery, HEADING, header:ignore, 0, 0, 0
296, terralith:underground/sunken_tower, HEADING, header:ignore, 0, 0, 0
297, terralith:underground/witch_hut, HEADING, header:ignore, 0, 0, 0
298, terralith:underground_cabin, HEADING, header:ignore, 0, 0, 0
299, paraglider:underground_horned_statue, HEADING, header:ignore, 0, 0, 0
300, ancient_aether:valkyrie_camp_skyroot, HEADING, header:ignore, 0, 0, 0
301, ancient_aether:valkyrie_camp_wyndcaps, HEADING, header:ignore, 0, 0, 0
302, ancient_aether:valkyrie_settlement_skyroot, HEADING, header:ignore, 0, 0, 0
303, terralith:valley_lodge, HEADING, header:ignore, 0, 0, 0
304, minecraft:village_desert, HEADING, header:ignore, 0, 0, 0
305, minecraft:village_plains, HEADING, header:ignore, 0, 0, 0
306, minecraft:village_savanna, HEADING, header:ignore, 0, 0, 0
307, minecraft:village_snowy, HEADING, header:ignore, 0, 0, 0
308, minecraft:village_taiga, HEADING, header:ignore, 0, 0, 0
309, bosses_of_mass_destruction:void_blossom, HEADING, header:ignore, 0, 0, 0
310, dungeons_plus:warped_garden, HEADING, header:ignore, 0, 0, 0
311, dungeons_plus:warped_garden, MONSTER, minecraft:drowned, 1, 1, 4
312, dungeons_arise:wishing_well, HEADING, header:ignore, 0, 0, 0
313, terralith:witch_hut, HEADING, header:ignore, 0, 0, 0
314, terralith:witch_hut, MONSTER, minecraft:witch, 1, 1, 2
315, terralith:witch_hut, CREATURE, minecraft:cat, 1, 1, 1
316, valhelsia_structures:witch_hut, HEADING, header:ignore, 0, 0, 0
317, valhelsia_structures:witch_hut, MONSTER, minecraft:witch, 1, 1, 1
318, valhelsia_structures:witch_hut, CREATURE, minecraft:cat, 1, 1, 1
319, mowziesmobs:wrought_chamber, HEADING, header:ignore, 0, 0, 0
320, betterdungeons:zombie_dungeon, HEADING, header:ignore, 0, 0, 0
321, betterdungeons:zombie_dungeon, MONSTER, minecraft:zombie, 100, 4, 15
